1 10 20
100 200 125
201 210 89
900 1000 174
200 100 125
201 210 89
1000000 1 525
999999 9 525
493349 900416 525
61155 442940 449
55039 333834 443
481910 673740 509
217228 274006 443
14231 971435 525
239603 102632 443
287548 745604 509
936827 904595 476
920108 50082 525
63582 275299 443
848731 615375 525
36521 779999 509
604422 142651 470
326478 454656 449
355071 520582 470
963521 336178 525
670011 932577 525
606316 18559 470
808916 668272 504
639707 339895 509
442526 823146 509
85102 395661 443
300255 246426 407
296507 21928 443
297226 736714 509
352088 876440 525
172791 662308 509
804958 904960 525
875968 777212 525
297793 131435 443
467613 231038 449
679967 777665 504
796224 653975 504
322247 802634 509
658881 121491 509
944637 478305 525
873965 617758 525
864183 29738 525
568017 174219 470
427284 677041 509
553481 865242 525
43901 295723 443
200683 726271 509
19834 365211 443
12997 593002 470
824039 833979 419
127995 996961 525
650936 20357 509
822991 924218 525
45709 973182 525
967838 998223 458
615980 506697 470
536434 841802 525
532372 996515 525
673555 104450 509
486043 959655 525
255377 227035 443
469657 46295 449
411505 972411 525
565412 5843 470
356173 424502 449
421462 905803 525
442511 484167 444
924737 72397 525
561930 781853 509
780075 486797 509
993493 529767 525
887920 396055 525
908921 46278 525
150727 420291 449
896297 582475 525
325862 153121 443
199415 668026 509
640436 311870 509
317712 127272 443
551773 722200 509
144354 190236 383
674403 489586 509
561983 586864 434
368717 599139 470
85935 640264 509
170031 148791 383
61197 595779 470
642056 574302 509
510945 970117 525
68944 309134 443
462254 407241 449
591618 394805 470
706674 178020 509
305291 748406 509
470605 540738 470
730973 373415 509
863001 614958 525
718173 405375 509
520865 941335 525
581598 86889 470
752032 123151 509
718929 267980 509
842282 329580 525
816049 360984 509
670117 869578 525
276818 884992 525
279796 648722 509
826742 384788 509
133193 502821 449
43558 648384 509
21799 603797 470
735106 290883 509
212609 401151 443
342485 453278 449
56519 733474 509
372976 440434 449
708414 808550 468
138129 91905 354
969240 67047 525
936624 954177 507
839168 639357 525
288078 729793 509
114580 635315 509
654488 631171 416
279555 247772 407
367920 214397 443
505279 817705 509
218855 619377 470
72655 717888 509
967713 77691 525
518124 129173 470
454074 340688 449
948944 742889 525
809935 592202 509
62731 918184 525
557540 262910 470
509055 418250 444
569917 361969 470
993140 139986 525
904110 224404 525
438800 789046 509
606750 272029 470
891406 460431 525
178318 341956 443
935998 480412 525
609584 662382 509
519421 454121 470
197010 580009 470
172210 468365 449
386548 523296 470
302558 751292 509
169542 460439 449
822407 811612 450
467949 739458 509
480213 331898 449
120943 372058 443
160439 919012 525
379442 244044 441
102351 51844 351
48607 74111 340
736492 38348 509
492469 174542 449
754550 255913 509
240629 205830 443
245477 443111 449
194403 627176 509
603966 64386 470
875997 363944 525
619753 942724 525
274622 343946 389
232355 99965 443
535328 911916 525
672312 392793 509
444636 914770 525
505232 774662 509
329362 9594 443
184135 758076 509
13988 338182 443
544011 938684 525
381795 770968 509
914495 305839 525
370225 576197 470
456492 518460 470
461183 762573 509
622870 76244 470
692560 252156 509
680424 855225 525
248017 227887 443
659008 352735 509
643748 209005 509
218598 164240 386
922315 973109 507
311290 919085 525
857768 452654 525
223621 371652 443
193843 755914 509
848462 654467 525
172926 564067 470
842991 304953 525
897548 150460 525
402616 465861 449
837437 106459 509
334346 83039 443
952125 601805 525
810809 509705 509
673944 595872 509
568981 545759 452
981195 112610 525
81615 396622 443
768274 355314 509
111228 821587 509
476053 962116 525
42534 959689 525
780994 648978 504
315790 885524 525
867736 194893 525
301352 718405 509
317795 705172 509
306977 635697 509
145401 269919 443
865790 634137 525
696247 335697 509
964658 951122 414
347744 677441 509
32755 46273 324
384211 116017 443
594484 660334 509
136374 860264 525
25593 637017 509
38892 917367 525
112260 341382 443
59786 906628 525
611799 929963 525
82011 893932 525
163850 435127 449
69264 227411 386
79459 545992 470
497113 281862 449
959303 560469 525
606741 844856 525
477224 508409 426
168742 990951 525
367566 71707 443
225075 305115 443
738834 393159 509
734540 263967 509
170594 367445 443
297407 310678 371
204609 298744 443
733871 379417 509
123179 368459 443
914450 319486 525
117699 202638 383
279458 411562 449
772770 77001 509
101761 886198 525
393500 249993 441
321700 270502 389
91969 761066 509
670576 546774 509
810740 830802 450
198246 405115 443
715792 497685 509
796429 495652 509
875068 436753 525
805211 46651 509
882488 998246 507
717235 236012 509
163925 186 383
593539 996692 525
399241 936694 525
703039 695299 411
482153 309093 449
586510 541090 452
87863 574121 470
404922 257085 441
178551 414955 449
428991 603167 470
615170 410695 470
847447 741771 525
788421 6589 509
4834 169009 383
921372 187260 525
187446 238421 443
751464 85296 509
538342 780984 509
992634 667057 525
976149 241380 525
298821 474786 449
48906 562658 470
336094 386683 441
317989 970179 525
89697 514644 470
925338 263332 525
5102 704866 509
711454 772784 468
941792 309875 525
497134 232640 449
987412 379515 525
464811 684579 509
981914 738875 525
405931 519504 470
277235 974548 525
965685 898431 507
461088 576055 470
479089 14591 449
501121 797181 509
311825 313430 384
576761 590818 434
812035 753514 468
526298 581862 452
891736 523489 525
272480 984441 525
363956 905222 525
589800 259891 470
515117 345118 470
380973 88066 443
62613 437400 449
335830 658207 509
234261 28297 443
559239 313270 470
626802 229701 509
543130 60360 470
167529 454978 449
208492 636242 509
218104 979563 525
19403 251141 443
235581 626191 470
531412 291882 470
68124 115888 354
977357 637564 525
725629 583241 509
536992 358329 470
16535 304593 443
849241 872821 432
702442 767147 504
513200 924832 525
501543 329244 449
784221 56329 509
692571 669071 442
648633 992712 525
243852 427026 449
569568 668036 509
476269 995785 525
628024 617332 509
254895 544393 470
643985 605381 509
963709 496875 525
317819 180976 443
570148 496596 470
780094 167059 509
608242 272590 470
601833 293293 470
349622 109784 443
778854 386053 509
895117 558544 525
501921 943839 525
128226 655320 509
651104 587840 509
205171 120846 383
665238 795480 504
400860 976417 525
989643 825574 525
6549 880920 525
377515 307461 441
990872 576697 525
849286 673961 525
967253 599113 525
708897 967470 525
353522 833226 509
908121 4102 525
464292 764990 509
420310 410041 387
514233 108869 470
229715 587765 470
383244 719403 509
212172 411304 449
236878 784103 509
181375 718166 509
25627 759778 509
336474 75241 443
749201 532850 509
131962 702111 509
669580 716454 504
549679 357210 470
877664 539454 525
304443 457800 449
384192 341955 441
967176 241104 525
828869 898424 525
134179 196890 383
124545 212112 383
512567 862702 525
580867 361422 470
637552 210293 509
285533 606493 470
139342 974025 525
192488 34734 383
267539 787656 509
144865 378419 443
434224 817217 509
791368 538880 509
880835 255019 525
496122 175560 449
590335 364362 470
561251 841342 525
53454 724513 509
587214 202147 470
79921 82372 320
292664 168081 443
290925 717472 509
207848 94548 383
129281 946619 525
734274 400335 509
295106 396819 441
730388 395490 509
934370 729329 525
984347 521755 525
213666 331556 443
695917 996821 525
838162 804001 525
44865 773519 509
975665 407967 525
6690 148431 375
316511 571937 470
289408 815705 509
910253 123787 525
586757 497256 470
413942 555885 470
469056 837382 509
232872 709047 509
954728 715795 525
753901 683593 504
531500 939074 525
452246 967567 525
287919 743768 509
517286 290408 470
214726 332783 443
481213 9302 449
581239 221416 470
37120 314075 443
954214 870646 507
884253 463724 525
19609 540970 470
378352 298195 441
7241 5016 262
720810 127575 509
327519 961968 525
417394 474710 444
958628 859018 507
602785 869639 525
676398 246546 509
95681 636422 509
162075 407476 443
628891 93245 509
923672 743313 525
130311 182362 383
162438 877885 525
935206 14563 525
829109 182046 509
703413 829909 504
957483 836350 525
314669 424222 449
898931 285001 525
660370 732062 504
118053 857559 525
620456 779506 509
415927 310802 449
718277 716136 349
325733 578002 470
837666 863519 525
562233 249404 470
643640 967976 525
498891 724670 509
423067 578845 470
408754 327999 441
680700 126479 509
67052 882588 525
683941 995369 525
243782 482334 449
856244 344310 525
123816 878186 525
705340 476700 509
709187 539742 509
634095 939968 525
319839 551271 470
800674 471761 509
956088 882071 507
123092 444313 449
539510 454978 470
299329 546158 470
188988 948263 525
830850 980028 525
491748 256039 449
254724 514790 470
375452 251882 441
130067 110968 349
104019 15619 351
555360 835406 509
291726 813205 509
364476 705807 509
177567 611564 470
493634 681501 509
642166 133654 509
104984 616725 470
679234 181675 509
646289 404312 509
900691 384573 525
640611 477138 509
508280 908791 525
160672 895334 525
522653 400083 470
415701 807090 509
158848 626671 509
439876 487412 444
193218 450573 449
62136 320703 443
518555 370784 470
20790 72121 340
205197 160720 365
342394 125773 443
46436 884430 525
269002 988682 525
982172 463478 525
888620 425964 525
837649 6803 509
406885 565643 470
372733 360302 410
986972 822585 525
826348 47932 509
14856 943199 525
780253 19566 509
906701 76991 525
665463 298808 509
459527 927490 525
569614 870659 525
271440 318273 389
823306 132401 509
112231 56793 354
999108 805477 525
328631 850 443
82845 836756 509
713409 735515 411
74451 971929 525
19860 216733 386
159931 900799 525
436716 34715 449
628057 456536 509
755343 859768 525
787258 809871 468
680529 731221 504
49493 873223 525
521976 468320 470
525112 872799 525
194627 634206 509
151407 524219 470
877326 523258 525
775124 750603 468
722531 590735 509
807467 849575 525
266725 258742 407
809808 483749 509
940284 219792 525
79559 954216 525
764086 211978 509
943199 383168 525
772743 960966 525
429285 509043 444
898193 294718 525
445275 470748 444
994966 92820 525
132429 113033 349
863636 388644 525
495730 907552 525
273478 102518 443
877612 819548 525
303296 56554 443
276345 687419 509
641635 759932 504
488261 872256 525
255423 922072 525
883038 431459 525
456854 28165 449
839234 828674 525
299422 355046 441
964217 800860 525
913893 810739 525
199382 96645 383
520549 293880 470
912749 695111 525
514658 794026 509
366932 790360 509
994131 334306 525
610589 643276 509
31883 152117 375
74188 98849 351
46660 287306 443
831822 957225 525
302251 19865 443
374910 187408 443
988267 601672 525
412410 855479 525
952123 418511 525
228742 128144 386
339606 989023 525
299401 141491 443
448202 370616 449
704921 666332 504
309607 442332 449
594448 831861 509
447061 341490 449
145147 668636 509
142212 493720 449
513584 493320 470
680727 960814 525
562485 404846 470
260324 668994 509
87504 491247 449
619390 728798 509
234173 832598 509
974088 958995 458
329610 533573 470
199904 938641 525
380973 550882 470
382742 25862 443
883703 491772 525
676759 829803 504
839874 28849 525
522169 335323 470
296136 869810 525
274655 719247 509
388240 858621 525
349867 51330 443
296479 992096 525
824693 485608 509
444602 530651 470
64223 315132 443
253772 290564 407
357797 264126 441
289988 151096 443
642868 740539 504
86693 173690 383
718891 319626 509
171300 442918 449
312727 757411 509
476657 467436 413
842408 103733 525
671414 864897 525
373344 708626 509
194233 967893 525
498543 714388 509
29519 155186 375
445749 79118 449
859595 799642 525
950738 803546 525
60436 149582 375
839624 109957 525
945934 663480 525
106397 74866 354
832276 117234 509
584669 935476 525
555560 308932 470
690180 943428 525
652053 226974 509
711218 579875 509
294262 846285 525
1470 209760 383
805229 323780 509
639774 963571 525
283468 664824 509
330757 590511 470
700467 343903 509
523734 170380 470
761597 162752 509
279985 146482 443
598309 593872 372
419156 381005 449
324432 153869 443
897194 625687 525
205562 976484 525
339120 608411 470
334522 499823 449
339955 340590 304
820512 139751 509
804574 979728 525
570238 103979 470
964233 651682 525
338414 787056 509
466159 487966 413
150799 100010 375
693882 746144 504
643500 749108 504
902976 629389 525
255075 967932 525
460767 800169 509
408579 460636 449
960459 799887 525
656828 743100 504
399202 816765 509
796492 477339 509
581317 720127 509
371809 366729 392
670136 545549 509
549866 710222 509
810231 136294 509
398789 700664 509
449771 20464 449
649852 42289 509
526572 869098 525
185618 421279 449
881914 503690 525
303576 110548 443
370000 358724 410
175488 960403 525
954093 769201 525
489328 971979 525
855059 51761 525
113661 861136 525
571357 41546 470
694192 663526 442
880542 897939 445
434755 92980 449
651620 846664 525
715762 600958 509
22236 694543 509
198233 417731 449
528279 420502 470
779225 18160 509
978563 898278 507
183830 471065 449
959395 449007 525
500768 673157 509
50644 330806 443
372351 614428 470
794306 138352 509
36291 66542 340
675874 674847 367
521510 471045 470
72002 843845 525
538388 753623 509
687706 610590 509
31091 736620 509
754779 215984 509
630613 326667 509
797731 249693 509
215052 814442 509
3951 273478 443
604283 715819 509
330246 54594 443
192946 976633 525
559527 640903 509
315749 745588 509
732984 751752 424
595596 353611 470
107233 321337 443
931926 650335 525
903306 794938 525
527273 963016 525
289683 658085 509
424129 674237 509
5031 603765 470
877242 639180 525
871350 8981 525
579926 481524 470
974509 717948 525
358850 289223 441
34810 50387 324
802138 674599 504
544561 284145 470
605482 914085 525
80772 651793 509
963083 537407 525
500423 984077 525
158513 6707 383
197296 306457 443
910221 98994 525
738173 202326 509
727658 787463 468
785338 125875 509
843822 823935 525
113158 759846 509
810232 719023 468
909973 664319 525
948464 128721 525
559158 454533 470
622678 70297 470
607703 639929 509
140357 102112 354
108818 624477 470
447285 298870 449
397863 822465 509
24790 357506 443
661320 652387 429
294613 268799 407
609086 963009 525
722855 138434 509
373809 722243 509
902913 49438 525
694511 283781 509
738314 367728 509
438024 770020 509
926300 360991 525
979454 45727 525
186555 66656 383
881877 604623 525
427088 633840 509
507697 796091 509
964830 968229 365
237028 169016 443
648376 259442 509
914228 846113 476
84707 887582 525
453372 288036 449
88168 503971 449
871699 147882 525
434253 826481 509
703823 309722 509
871800 360552 525
943559 683276 525
287899 58355 443
208546 341788 443
137878 714986 509
683214 716242 504
401609 619059 470
878501 436593 525
799057 49984 509
937566 309080 525
113467 883763 525
387734 390937 436
55170 201634 383
544467 775784 509
85505 489422 449
366325 764641 509
964269 473657 525
48363 309883 443
168022 252167 443
483504 256908 449
973149 305900 525
441310 683069 509
636014 374757 509
424740 319810 449
145241 435070 449
835185 878657 525
269593 775059 509
493045 739270 509
515053 841114 525
330535 37511 443
802151 116909 509
106917 213211 383
39446 282771 443
534937 155279 470
412186 207467 449
29718 534792 470
734213 385334 509
276442 471028 449
307189 370226 441
321647 701182 509
96190 452430 449
743840 156831 509
412452 882135 525
723248 236884 509
274394 443856 449
560765 53783 470
783345 592897 509
875667 667681 525
822960 822790 331
30257 926956 525
978099 751497 525
136831 59974 354
47353 712311 509
82536 413272 449
630805 354542 509
806971 920535 525
593717 726995 509
609129 67162 470
304046 6169 443
450024 332376 449
902510 94791 525
687687 527140 509
711173 202207 509
24996 79706 351
523013 534132 408
285628 571604 470
631578 501111 509
213422 938810 525
868434 678930 525
549823 812309 509
249195 499238 449
742584 873145 525
940307 842912 507
849080 868064 419
716792 244352 509
339142 299103 384
342595 619301 470
337859 543181 470
139238 53767 354
104250 362855 443
934458 662250 525
679712 906229 525
845039 82387 525
277669 409485 441
738146 713472 424
729061 827491 468
700636 987340 525
830251 471645 509
856060 640942 525
885293 679330 525
494785 572851 470
708504 740786 424
283966 837379 509
891145 46362 525
409216 423203 449
601804 995394 525
901622 860026 445
942412 281516 525
691000 263012 509
492835 220080 449
563923 429145 470
416485 221896 449
209892 264558 443
421851 763087 509
442417 65951 449
638802 823495 504
564280 453553 470
290931 347305 441
910018 848246 445
787800 698427 504
210172 319234 443
179259 389604 443
671119 628145 442
407509 638022 509
374454 878470 525
823967 900343 525
638590 938376 525
719285 756803 424
519889 364833 470
947136 141135 525
964629 962305 414
932209 102289 525
449593 528908 470
893505 223139 525
437917 875962 525
195195 681305 509
70908 164440 383
792585 890805 525
528827 258378 470
653199 716445 504
616787 903280 525
358007 477165 449
233967 771729 509
136561 77291 354
218425 753856 509
232512 83696 443
185984 183053 329
228312 164721 386
904211 151928 525
27890 121817 354
803121 858480 525
22919 739436 509
146593 390380 443
165109 331855 443
48299 675419 509
95050 818307 509
295472 181438 443
953166 453056 525
46698 529438 470
799645 606078 509
206126 265122 443
964526 548509 525
713229 908461 525
576741 192837 470
831005 133791 509
992270 120982 525
860417 150477 525
57208 531541 470
863395 7009 525
198779 222316 386
40623 428046 449
125835 810180 509
779587 852446 525
898235 595352 525
717781 826284 468
91405 697880 509
246388 923906 525
832367 572282 509
281471 475968 449
126110 925459 525
46440 112475 354
779304 118380 509
166272 423208 449
946569 836511 525
58827 546018 470
974063 145347 525
471879 615801 470
984598 616249 525
211600 251465 443
77749 882832 525
97063 929381 525
369638 169153 443
257787 859802 525
335769 718356 509
643814 539257 509
651731 978231 525
